<?xml version="1.0" encoding="UTF-8"?>
<!-- Generated by org.testng.reporters.JUnitReportReporter -->
<testsuite skipped="0" hostname="SATHYA_DINESH" name="org.suite.Instalog" tests="1" failures="0" timestamp="26 Nov 2021 11:49:45 GMT" time="7.093" errors="0">
  <testcase name="testCase3" time="7.093" classname="org.suite.Instalog"/>
</testsuite> <!-- org.suite.Instalog -->
