<?xml version="1.0" encoding="UTF-8"?>
<!-- Generated by org.testng.reporters.JUnitReportReporter -->
<testsuite skipped="0" hostname="SATHYA_DINESH" name="org.datprov.DataProvidr" tests="3" failures="0" timestamp="26 Nov 2021 11:17:05 GMT" time="30.272" errors="0">
  <testcase name="testcase2" time="6.858" classname="org.datprov.DataProvidr"/>
  <testcase name="testcase2" time="6.490" classname="org.datprov.DataProvidr"/>
  <testcase name="testcase2" time="16.924" classname="org.datprov.DataProvidr"/>
</testsuite> <!-- org.datprov.DataProvidr -->
