<?xml version="1.0" encoding="UTF-8"?>
<!-- Generated by org.testng.reporters.JUnitReportReporter -->
<testsuite skipped="0" hostname="SATHYA_DINESH" name="org.cross.CrosBrow" tests="3" failures="0" timestamp="26 Nov 2021 12:13:39 GMT" time="95.464" errors="0">
  <testcase name="testcase" time="10.431" classname="org.cross.CrosBrow"/>
  <testcase name="testcase" time="38.333" classname="org.cross.CrosBrow"/>
  <testcase name="testcase" time="46.700" classname="org.cross.CrosBrow"/>
</testsuite> <!-- org.cross.CrosBrow -->
