<?xml version="1.0" encoding="UTF-8"?>
<!-- Generated by org.testng.reporters.JUnitReportReporter -->
<testsuite skipped="0" hostname="SATHYA_DINESH" name="org.green.Greens" tests="3" failures="0" timestamp="26 Nov 2021 13:31:43 GMT" time="10.567" errors="0">
  <testcase name="Testcase1" time="6.773" classname="org.green.Greens"/>
  <testcase name="testcase2" time="0.168" classname="org.green.Greens"/>
  <testcase name="testcase3" time="3.626" classname="org.green.Greens"/>
</testsuite> <!-- org.green.Greens -->
