<?xml version="1.0" encoding="UTF-8"?>
<!-- Generated by org.testng.reporters.JUnitReportReporter -->
<testsuite skipped="0" hostname="SATHYA_DINESH" name="org.datprov.Parametr" tests="3" failures="0" timestamp="26 Nov 2021 11:54:19 GMT" time="9.841" errors="0">
  <testcase name="testcase1" time="7.385" classname="org.datprov.Parametr"/>
  <testcase name="testcase2" time="2.092" classname="org.datprov.Parametr"/>
  <testcase name="testcase3" time="0.364" classname="org.datprov.Parametr"/>
</testsuite> <!-- org.datprov.Parametr -->
