<?xml version="1.0" encoding="UTF-8"?>
<!-- Generated by org.testng.reporters.JUnitReportReporter -->
<testsuite skipped="1" hostname="SATHYA_DINESH" name="org.suite.Fliplog" tests="5" failures="0" timestamp="26 Nov 2021 11:43:32 GMT" time="32.310" errors="0">
  <testcase name="testCase3" time="5.883" classname="org.suite.Fliplog"/>
  <testcase name="testCase2" time="6.493" classname="org.suite.Fliplog"/>
  <testcase name="testCase3" time="5.525" classname="org.suite.Fliplog"/>
  <testcase name="testCase3" time="14.409" classname="org.suite.Fliplog"/>
  <testcase name="testCase1" classname="org.suite.Fliplog">
    <skipped/>
  </testcase> <!-- testCase1 -->
</testsuite> <!-- org.suite.Fliplog -->
