<?xml version="1.0" encoding="UTF-8"?>
<!-- Generated by org.testng.reporters.JUnitReportReporter -->
<testsuite skipped="1" hostname="SATHYA_DINESH" name="org.suite.Fblog" tests="4" failures="0" timestamp="26 Nov 2021 11:44:17 GMT" time="17.077" errors="0">
  <testcase name="testCase1" time="5.483" classname="org.suite.Fblog"/>
  <testcase name="testCase1" time="5.349" classname="org.suite.Fblog"/>
  <testcase name="testCase1" time="6.245" classname="org.suite.Fblog"/>
  <testcase name="testCase2" classname="org.suite.Fblog">
    <skipped/>
  </testcase> <!-- testCase2 -->
</testsuite> <!-- org.suite.Fblog -->
