<?xml version="1.0" encoding="UTF-8"?>
<!-- Generated by org.testng.reporters.JUnitReportReporter -->
<testsuite skipped="0" hostname="SATHYA_DINESH" name="org.redbus.Redbusrun" tests="5" failures="0" timestamp="26 Nov 2021 12:01:33 GMT" time="59.021" errors="0">
  <testcase name="Testcase1" time="16.110" classname="org.redbus.Redbusrun"/>
  <testcase name="Testcase2" time="11.234" classname="org.redbus.Redbusrun"/>
  <testcase name="to" time="10.873" classname="org.redbus.Redbusrun"/>
  <testcase name="date" time="10.549" classname="org.redbus.Redbusrun"/>
  <testcase name="search" time="10.255" classname="org.redbus.Redbusrun"/>
</testsuite> <!-- org.redbus.Redbusrun -->
